<?xml version="1.0" encoding="UTF-8"?>
<!-- Generated by org.testng.reporters.JUnitReportReporter -->
<testsuite hostname="DESKTOP-T8DFEAN" failures="0" tests="1" name="com.netbanking.testCases.TC_LoginDDT_002" time="0.000" errors="0" timestamp="07 Dec 2020 15:55:34 GMT" skipped="1">
  <testcase classname="com.netbanking.testCases.TC_LoginDDT_002" name="loginDDT" time="0.000">
    <skipped/>
  </testcase> <!-- loginDDT -->
</testsuite> <!-- com.netbanking.testCases.TC_LoginDDT_002 -->
