<?xml version="1.0" encoding="UTF-8"?>
<!-- Generated by org.testng.reporters.JUnitReportReporter -->
<testsuite skipped="0" hostname="DESKTOP-T8DFEAN" name="com.netbanking.testCases.TC_AddCustomerTest_003" tests="1" failures="0" timestamp="12 Dec 2020 11:37:23 GMT" time="17.522" errors="0">
  <testcase name="addNewCustomer" time="17.522" classname="com.netbanking.testCases.TC_AddCustomerTest_003"/>
</testsuite> <!-- com.netbanking.testCases.TC_AddCustomerTest_003 -->
